<?xml version="1.0" encoding="UTF-8"?>
<testsuite xmlns:xsi="http://www.w3.org/2001/XMLSchema-instance" xsi:noNamespaceSchemaLocation="https://maven.apache.org/surefire/maven-surefire-plugin/xsd/surefire-test-report-3.0.xsd" version="3.0" name="com.nuti.traffic.sim.SeqParDeterminismTest" time="0.042" tests="1" errors="0" skipped="0" failures="0">
  <properties>
[...]
</properties>
  <testcase name="seqAndPar_sameSeed_sameMetricsAndTimeIndependentFields" classname="com.nuti.traffic.sim.SeqParDeterminismTest" time="0.042">
    <system-out><![CDATA[[2026-02-07T19:31:53.838662Z] START SEQUENTIAL run grid=grids/ejemplo1.txt N=200 ticks=200 seed=42
[2026-02-07T19:31:53.853599Z] END SEQUENTIAL run elapsed=14 ms
MODE: SEQUENTIAL
N=200 ticks=200 moved_avg=0.715 stopped_avg=199.285 time_ms=14
[2026-02-07T19:31:53.862964Z] START PARALLEL run grid=grids/ejemplo1.txt N=200 ticks=200 threads=4 seed=42
[2026-02-07T19:31:53.870981Z] END PARALLEL run elapsed=6 ms
MODE: PARALLEL
N=200 ticks=200 threads=4 moved_avg=0.715 stopped_avg=199.285 time_ms=6
]]></system-out>
  </testcase>
</testsuite>